2023-11-23T02:36:33+00:00 CRITICAL Uncaught Error: Call to undefined function wc_get_customer_id_by_email() in C:\wamp64\www\markdealer-copy\wp-content\themes\genesis-child\functions.php:1086
Stack trace:
#0 C:\wamp64\www\markdealer-copy\wp-content\themes\genesis-child\functions.php(1094): is_user_registered_customer(11)
#1 C:\wamp64\www\markdealer-copy\wp-settings.php(611): include('C:\\wamp64\\www\\m...')
#2 C:\wamp64\www\markdealer-copy\wp-config.php(96): require_once('C:\\wamp64\\www\\m...')
#3 C:\wamp64\www\markdealer-copy\wp-load.php(50): require_once('C:\\wamp64\\www\\m...')
#4 C:\wamp64\www\markdealer-copy\wp-admin\admin.php(34): require_once('C:\\wamp64\\www\\m...')
#5 C:\wamp64\www\markdealer-copy\wp-admin\edit.php(10): require_once('C:\\wamp64\\www\\m...')
#6 {main}
  thrown in C:\wamp64\www\markdealer-copy\wp-content\themes\genesis-child\functions.php on line 1086

2023-11-23T02:37:13+00:00 CRITICAL Uncaught Error: Call to undefined function wc_get_customer_id_by_email() in C:\wamp64\www\markdealer-copy\wp-content\themes\genesis-child\functions.php:1086
Stack trace:
#0 C:\wamp64\www\markdealer-copy\wp-content\themes\genesis-child\functions.php(1094): is_user_registered_customer(11)
#1 C:\wamp64\www\markdealer-copy\wp-settings.php(611): include('C:\\wamp64\\www\\m...')
#2 C:\wamp64\www\markdealer-copy\wp-config.php(96): require_once('C:\\wamp64\\www\\m...')
#3 C:\wamp64\www\markdealer-copy\wp-load.php(50): require_once('C:\\wamp64\\www\\m...')
#4 C:\wamp64\www\markdealer-copy\wp-admin\admin.php(34): require_once('C:\\wamp64\\www\\m...')
#5 C:\wamp64\www\markdealer-copy\wp-admin\users.php(11): require_once('C:\\wamp64\\www\\m...')
#6 {main}
  thrown in C:\wamp64\www\markdealer-copy\wp-content\themes\genesis-child\functions.php on line 1086

2023-11-23T05:55:22+00:00 CRITICAL Uncaught Error: Call to undefined function wc_get_customer_id_by_email() in C:\wamp64\www\markdealer-copy\wp-content\themes\genesis-child\functions.php:1083
Stack trace:
#0 C:\wamp64\www\markdealer-copy\wp-includes\class-wp-hook.php(326): check_user_registered_customer(21)
#1 C:\wamp64\www\markdealer-copy\wp-includes\class-wp-hook.php(348): WP_Hook->apply_filters(NULL, Array)
#2 C:\wamp64\www\markdealer-copy\wp-includes\plugin.php(517): WP_Hook->do_action(Array)
#3 C:\wamp64\www\markdealer-copy\wp-includes\user.php(2504): do_action('user_register', 21, Array)
#4 C:\wamp64\www\markdealer-copy\wp-content\plugins\wc-multivendor-membership\controllers\wcfmvm-controller-memberships-registration.php(279): wp_insert_user(Array)
#5 C:\wamp64\www\markdealer-copy\wp-content\plugins\wc-multivendor-membership\controllers\wcfmvm-controller-memberships-registration.php(17): WCFMvm_Memberships_Registration_Controller->processing()
#6 C:\wamp64\www\markdealer-copy\wp-content\plugins\wc-multivendor-membership\core\class-wcfmvm-ajax.php(103): WCFMvm_Memberships_Registration_Controller->__construct()
#7 C:\wamp64\www\markdealer-copy\wp-includes\class-wp-hook.php(324): WCFMvm_Ajax->wcfmvm_ajax_controller('')
#8 C:\wamp64\www\markdealer-copy\wp-includes\class-wp-hook.php(348): WP_Hook->apply_filters(NULL, Array)
#9 C:\wamp64\www\markdealer-copy\wp-includes\plugin.php(517): WP_Hook->do_action(Array)
#10 C:\wamp64\www\markdealer-copy\wp-admin\admin-ajax.php(203): do_action('wp_ajax_nopriv_...')
#11 {main}
  thrown in C:\wamp64\www\markdealer-copy\wp-content\themes\genesis-child\functions.php on line 1083

2023-11-23T06:20:26+00:00 CRITICAL Uncaught Error: Call to undefined function wc_get_customer_id_by_email() in C:\wamp64\www\markdealer-copy\wp-content\themes\genesis-child\functions.php:1083
Stack trace:
#0 C:\wamp64\www\markdealer-copy\wp-includes\class-wp-hook.php(326): check_user_registered_customer(22)
#1 C:\wamp64\www\markdealer-copy\wp-includes\class-wp-hook.php(348): WP_Hook->apply_filters(NULL, Array)
#2 C:\wamp64\www\markdealer-copy\wp-includes\plugin.php(517): WP_Hook->do_action(Array)
#3 C:\wamp64\www\markdealer-copy\wp-includes\user.php(2504): do_action('user_register', 22, Array)
#4 C:\wamp64\www\markdealer-copy\wp-content\plugins\woocommerce\includes\wc-user-functions.php(109): wp_insert_user(Array)
#5 C:\wamp64\www\markdealer-copy\wp-content\plugins\woocommerce\includes\class-wc-form-handler.php(1111): wc_create_new_customer('sangn6223@gmail...', 'sangn6223', 'sangn6223')
#6 C:\wamp64\www\markdealer-copy\wp-includes\class-wp-hook.php(324): WC_Form_Handler::process_registration('')
#7 C:\wamp64\www\markdealer-copy\wp-includes\class-wp-hook.php(348): WP_Hook->apply_filters(NULL, Array)
#8 C:\wamp64\www\markdealer-copy\wp-includes\plugin.php(517): WP_Hook->do_action(Array)
#9 C:\wamp64\www\markdealer-copy\wp-settings.php(665): do_action('wp_loaded')
#10 C:\wamp64\www\markdealer-copy\wp-config.php(96): require_once('C:\\wamp64\\www\\m...')
#11 C:\wamp64\www\markdealer-copy\wp-load.php(50): require_once('C:\\wamp64\\www\\m...')
#12 C:\wamp64\www\markdealer-copy\wp-blog-header.php(13): require_once('C:\\wamp64\\www\\m...')
#13 C:\wamp64\www\markdealer-copy\index.php(17): require('C:\\wamp64\\www\\m...')
#14 {main}
  thrown in C:\wamp64\www\markdealer-copy\wp-content\themes\genesis-child\functions.php on line 1083

2023-11-23T06:22:56+00:00 CRITICAL Uncaught Error: Call to undefined function wc_get_customer_id_by_email() in C:\wamp64\www\markdealer-copy\wp-content\themes\genesis-child\functions.php:1084
Stack trace:
#0 C:\wamp64\www\markdealer-copy\wp-includes\class-wp-hook.php(326): check_user_registered_customer(23)
#1 C:\wamp64\www\markdealer-copy\wp-includes\class-wp-hook.php(348): WP_Hook->apply_filters(NULL, Array)
#2 C:\wamp64\www\markdealer-copy\wp-includes\plugin.php(517): WP_Hook->do_action(Array)
#3 C:\wamp64\www\markdealer-copy\wp-includes\user.php(2504): do_action('user_register', 23, Array)
#4 C:\wamp64\www\markdealer-copy\wp-content\plugins\woocommerce\includes\wc-user-functions.php(109): wp_insert_user(Array)
#5 C:\wamp64\www\markdealer-copy\wp-content\plugins\woocommerce\includes\class-wc-form-handler.php(1111): wc_create_new_customer('sangn6223@gmail...', 'sangn6223', 'sangn6223')
#6 C:\wamp64\www\markdealer-copy\wp-includes\class-wp-hook.php(324): WC_Form_Handler::process_registration('')
#7 C:\wamp64\www\markdealer-copy\wp-includes\class-wp-hook.php(348): WP_Hook->apply_filters(NULL, Array)
#8 C:\wamp64\www\markdealer-copy\wp-includes\plugin.php(517): WP_Hook->do_action(Array)
#9 C:\wamp64\www\markdealer-copy\wp-settings.php(665): do_action('wp_loaded')
#10 C:\wamp64\www\markdealer-copy\wp-config.php(96): require_once('C:\\wamp64\\www\\m...')
#11 C:\wamp64\www\markdealer-copy\wp-load.php(50): require_once('C:\\wamp64\\www\\m...')
#12 C:\wamp64\www\markdealer-copy\wp-blog-header.php(13): require_once('C:\\wamp64\\www\\m...')
#13 C:\wamp64\www\markdealer-copy\index.php(17): require('C:\\wamp64\\www\\m...')
#14 {main}
  thrown in C:\wamp64\www\markdealer-copy\wp-content\themes\genesis-child\functions.php on line 1084

2023-11-23T06:23:36+00:00 CRITICAL Uncaught Error: Call to undefined function wc_get_customer_id_by_email() in C:\wamp64\www\markdealer-copy\wp-content\themes\genesis-child\functions.php:1084
Stack trace:
#0 C:\wamp64\www\markdealer-copy\wp-includes\class-wp-hook.php(326): check_user_registered_customer(24)
#1 C:\wamp64\www\markdealer-copy\wp-includes\class-wp-hook.php(348): WP_Hook->apply_filters(NULL, Array)
#2 C:\wamp64\www\markdealer-copy\wp-includes\plugin.php(517): WP_Hook->do_action(Array)
#3 C:\wamp64\www\markdealer-copy\wp-includes\user.php(2504): do_action('user_register', 24, Array)
#4 C:\wamp64\www\markdealer-copy\wp-content\plugins\woocommerce\includes\wc-user-functions.php(109): wp_insert_user(Array)
#5 C:\wamp64\www\markdealer-copy\wp-content\plugins\woocommerce\includes\class-wc-form-handler.php(1111): wc_create_new_customer('sangn6223@gmail...', 'sangn6223', 'sangn6223@')
#6 C:\wamp64\www\markdealer-copy\wp-includes\class-wp-hook.php(324): WC_Form_Handler::process_registration('')
#7 C:\wamp64\www\markdealer-copy\wp-includes\class-wp-hook.php(348): WP_Hook->apply_filters(NULL, Array)
#8 C:\wamp64\www\markdealer-copy\wp-includes\plugin.php(517): WP_Hook->do_action(Array)
#9 C:\wamp64\www\markdealer-copy\wp-settings.php(665): do_action('wp_loaded')
#10 C:\wamp64\www\markdealer-copy\wp-config.php(96): require_once('C:\\wamp64\\www\\m...')
#11 C:\wamp64\www\markdealer-copy\wp-load.php(50): require_once('C:\\wamp64\\www\\m...')
#12 C:\wamp64\www\markdealer-copy\wp-blog-header.php(13): require_once('C:\\wamp64\\www\\m...')
#13 C:\wamp64\www\markdealer-copy\index.php(17): require('C:\\wamp64\\www\\m...')
#14 {main}
  thrown in C:\wamp64\www\markdealer-copy\wp-content\themes\genesis-child\functions.php on line 1084

2023-11-23T06:43:44+00:00 CRITICAL syntax error, unexpected token "endif", expecting end of file in C:\wamp64\www\markdealer-copy\wp-content\plugins\woocommerce\templates\myaccount\form-login.php on line 83

2023-11-23T06:44:53+00:00 CRITICAL syntax error, unexpected token "endif", expecting end of file in C:\wamp64\www\markdealer-copy\wp-content\plugins\woocommerce\templates\myaccount\form-login.php on line 83

2023-11-23T07:44:42+00:00 CRITICAL syntax error, unexpected token "&" in C:\wamp64\www\markdealer-copy\wp-content\themes\genesis-child\functions.php on line 1152

2023-11-23T07:45:27+00:00 CRITICAL syntax error, unexpected token "&" in C:\wamp64\www\markdealer-copy\wp-content\themes\genesis-child\functions.php on line 1152

2023-11-23T07:45:30+00:00 CRITICAL syntax error, unexpected token "&" in C:\wamp64\www\markdealer-copy\wp-content\themes\genesis-child\functions.php on line 1152

2023-11-23T07:45:44+00:00 CRITICAL syntax error, unexpected token "&" in C:\wamp64\www\markdealer-copy\wp-content\themes\genesis-child\functions.php on line 1152

2023-11-23T07:46:27+00:00 CRITICAL syntax error, unexpected token "&" in C:\wamp64\www\markdealer-copy\wp-content\themes\genesis-child\functions.php on line 1152

2023-11-23T07:46:28+00:00 CRITICAL syntax error, unexpected token "&" in C:\wamp64\www\markdealer-copy\wp-content\themes\genesis-child\functions.php on line 1152

2023-11-23T07:46:41+00:00 CRITICAL syntax error, unexpected token "&" in C:\wamp64\www\markdealer-copy\wp-content\themes\genesis-child\functions.php on line 1152

2023-11-23T07:46:43+00:00 CRITICAL syntax error, unexpected token "&" in C:\wamp64\www\markdealer-copy\wp-content\themes\genesis-child\functions.php on line 1152

2023-11-23T07:46:44+00:00 CRITICAL syntax error, unexpected token "&" in C:\wamp64\www\markdealer-copy\wp-content\themes\genesis-child\functions.php on line 1152

2023-11-23T07:47:10+00:00 CRITICAL syntax error, unexpected token "&" in C:\wamp64\www\markdealer-copy\wp-content\themes\genesis-child\functions.php on line 1152

2023-11-23T07:47:30+00:00 CRITICAL syntax error, unexpected token "&" in C:\wamp64\www\markdealer-copy\wp-content\themes\genesis-child\functions.php on line 1152

2023-11-23T07:57:42+00:00 CRITICAL Uncaught Error: Call to a member function get_error_messages() on null in C:\wamp64\www\markdealer-copy\wp-content\plugins\woocommerce\includes\class-wc-form-handler.php:1100
Stack trace:
#0 C:\wamp64\www\markdealer-copy\wp-includes\class-wp-hook.php(324): WC_Form_Handler::process_registration('')
#1 C:\wamp64\www\markdealer-copy\wp-includes\class-wp-hook.php(348): WP_Hook->apply_filters(NULL, Array)
#2 C:\wamp64\www\markdealer-copy\wp-includes\plugin.php(517): WP_Hook->do_action(Array)
#3 C:\wamp64\www\markdealer-copy\wp-settings.php(665): do_action('wp_loaded')
#4 C:\wamp64\www\markdealer-copy\wp-config.php(96): require_once('C:\\wamp64\\www\\m...')
#5 C:\wamp64\www\markdealer-copy\wp-load.php(50): require_once('C:\\wamp64\\www\\m...')
#6 C:\wamp64\www\markdealer-copy\wp-blog-header.php(13): require_once('C:\\wamp64\\www\\m...')
#7 C:\wamp64\www\markdealer-copy\index.php(17): require('C:\\wamp64\\www\\m...')
#8 {main}
  thrown in C:\wamp64\www\markdealer-copy\wp-content\plugins\woocommerce\includes\class-wc-form-handler.php on line 1100

2023-11-23T07:59:25+00:00 CRITICAL Cannot redeclare validate_fields() (previously declared in C:\wamp64\www\markdealer-copy\wp-content\themes\genesis-child\functions.php:1147) in C:\wamp64\www\markdealer-copy\wp-content\themes\genesis-child\functions.php on line 1154

2023-11-23T08:00:15+00:00 CRITICAL Cannot redeclare validate_fields() (previously declared in C:\wamp64\www\markdealer-copy\wp-content\themes\genesis-child\functions.php:1147) in C:\wamp64\www\markdealer-copy\wp-content\themes\genesis-child\functions.php on line 1154

2023-11-23T08:00:24+00:00 CRITICAL Uncaught Error: Call to a member function get_error_messages() on null in C:\wamp64\www\markdealer-copy\wp-content\plugins\woocommerce\includes\class-wc-form-handler.php:1100
Stack trace:
#0 C:\wamp64\www\markdealer-copy\wp-includes\class-wp-hook.php(324): WC_Form_Handler::process_registration('')
#1 C:\wamp64\www\markdealer-copy\wp-includes\class-wp-hook.php(348): WP_Hook->apply_filters(NULL, Array)
#2 C:\wamp64\www\markdealer-copy\wp-includes\plugin.php(517): WP_Hook->do_action(Array)
#3 C:\wamp64\www\markdealer-copy\wp-settings.php(665): do_action('wp_loaded')
#4 C:\wamp64\www\markdealer-copy\wp-config.php(96): require_once('C:\\wamp64\\www\\m...')
#5 C:\wamp64\www\markdealer-copy\wp-load.php(50): require_once('C:\\wamp64\\www\\m...')
#6 C:\wamp64\www\markdealer-copy\wp-blog-header.php(13): require_once('C:\\wamp64\\www\\m...')
#7 C:\wamp64\www\markdealer-copy\index.php(17): require('C:\\wamp64\\www\\m...')
#8 {main}
  thrown in C:\wamp64\www\markdealer-copy\wp-content\plugins\woocommerce\includes\class-wc-form-handler.php on line 1100

2023-11-23T08:00:33+00:00 CRITICAL Cannot redeclare validate_fields() (previously declared in C:\wamp64\www\markdealer-copy\wp-content\themes\genesis-child\functions.php:1147) in C:\wamp64\www\markdealer-copy\wp-content\themes\genesis-child\functions.php on line 1154

2023-11-23T08:00:48+00:00 CRITICAL Cannot redeclare validate_fields() (previously declared in C:\wamp64\www\markdealer-copy\wp-content\themes\genesis-child\functions.php:1147) in C:\wamp64\www\markdealer-copy\wp-content\themes\genesis-child\functions.php on line 1154

2023-11-23T08:01:09+00:00 CRITICAL Cannot redeclare validate_fields() (previously declared in C:\wamp64\www\markdealer-copy\wp-content\themes\genesis-child\functions.php:1147) in C:\wamp64\www\markdealer-copy\wp-content\themes\genesis-child\functions.php on line 1154

2023-11-23T08:01:18+00:00 CRITICAL Cannot redeclare validate_fields() (previously declared in C:\wamp64\www\markdealer-copy\wp-content\themes\genesis-child\functions.php:1147) in C:\wamp64\www\markdealer-copy\wp-content\themes\genesis-child\functions.php on line 1154

2023-11-23T08:01:55+00:00 CRITICAL Uncaught Error: Call to a member function get_error_messages() on null in C:\wamp64\www\markdealer-copy\wp-content\plugins\woocommerce\includes\class-wc-form-handler.php:1100
Stack trace:
#0 C:\wamp64\www\markdealer-copy\wp-includes\class-wp-hook.php(324): WC_Form_Handler::process_registration('')
#1 C:\wamp64\www\markdealer-copy\wp-includes\class-wp-hook.php(348): WP_Hook->apply_filters(NULL, Array)
#2 C:\wamp64\www\markdealer-copy\wp-includes\plugin.php(517): WP_Hook->do_action(Array)
#3 C:\wamp64\www\markdealer-copy\wp-settings.php(665): do_action('wp_loaded')
#4 C:\wamp64\www\markdealer-copy\wp-config.php(96): require_once('C:\\wamp64\\www\\m...')
#5 C:\wamp64\www\markdealer-copy\wp-load.php(50): require_once('C:\\wamp64\\www\\m...')
#6 C:\wamp64\www\markdealer-copy\wp-blog-header.php(13): require_once('C:\\wamp64\\www\\m...')
#7 C:\wamp64\www\markdealer-copy\index.php(17): require('C:\\wamp64\\www\\m...')
#8 {main}
  thrown in C:\wamp64\www\markdealer-copy\wp-content\plugins\woocommerce\includes\class-wc-form-handler.php on line 1100

2023-11-23T08:12:09+00:00 CRITICAL Uncaught Error: Call to a member function get_error_messages() on null in C:\wamp64\www\markdealer-copy\wp-content\plugins\woocommerce\includes\class-wc-form-handler.php:1100
Stack trace:
#0 C:\wamp64\www\markdealer-copy\wp-includes\class-wp-hook.php(324): WC_Form_Handler::process_registration('')
#1 C:\wamp64\www\markdealer-copy\wp-includes\class-wp-hook.php(348): WP_Hook->apply_filters(NULL, Array)
#2 C:\wamp64\www\markdealer-copy\wp-includes\plugin.php(517): WP_Hook->do_action(Array)
#3 C:\wamp64\www\markdealer-copy\wp-settings.php(665): do_action('wp_loaded')
#4 C:\wamp64\www\markdealer-copy\wp-config.php(96): require_once('C:\\wamp64\\www\\m...')
#5 C:\wamp64\www\markdealer-copy\wp-load.php(50): require_once('C:\\wamp64\\www\\m...')
#6 C:\wamp64\www\markdealer-copy\wp-blog-header.php(13): require_once('C:\\wamp64\\www\\m...')
#7 C:\wamp64\www\markdealer-copy\index.php(17): require('C:\\wamp64\\www\\m...')
#8 {main}
  thrown in C:\wamp64\www\markdealer-copy\wp-content\plugins\woocommerce\includes\class-wc-form-handler.php on line 1100

2023-11-23T08:14:41+00:00 CRITICAL Uncaught Error: Call to a member function get_error_messages() on null in C:\wamp64\www\markdealer-copy\wp-content\plugins\woocommerce\includes\class-wc-form-handler.php:1100
Stack trace:
#0 C:\wamp64\www\markdealer-copy\wp-includes\class-wp-hook.php(324): WC_Form_Handler::process_registration('')
#1 C:\wamp64\www\markdealer-copy\wp-includes\class-wp-hook.php(348): WP_Hook->apply_filters(NULL, Array)
#2 C:\wamp64\www\markdealer-copy\wp-includes\plugin.php(517): WP_Hook->do_action(Array)
#3 C:\wamp64\www\markdealer-copy\wp-settings.php(665): do_action('wp_loaded')
#4 C:\wamp64\www\markdealer-copy\wp-config.php(96): require_once('C:\\wamp64\\www\\m...')
#5 C:\wamp64\www\markdealer-copy\wp-load.php(50): require_once('C:\\wamp64\\www\\m...')
#6 C:\wamp64\www\markdealer-copy\wp-blog-header.php(13): require_once('C:\\wamp64\\www\\m...')
#7 C:\wamp64\www\markdealer-copy\index.php(17): require('C:\\wamp64\\www\\m...')
#8 {main}
  thrown in C:\wamp64\www\markdealer-copy\wp-content\plugins\woocommerce\includes\class-wc-form-handler.php on line 1100

2023-11-23T08:17:10+00:00 CRITICAL Uncaught Error: Call to a member function get_error_messages() on null in C:\wamp64\www\markdealer-copy\wp-content\plugins\woocommerce\includes\class-wc-form-handler.php:1100
Stack trace:
#0 C:\wamp64\www\markdealer-copy\wp-includes\class-wp-hook.php(324): WC_Form_Handler::process_registration('')
#1 C:\wamp64\www\markdealer-copy\wp-includes\class-wp-hook.php(348): WP_Hook->apply_filters(NULL, Array)
#2 C:\wamp64\www\markdealer-copy\wp-includes\plugin.php(517): WP_Hook->do_action(Array)
#3 C:\wamp64\www\markdealer-copy\wp-settings.php(665): do_action('wp_loaded')
#4 C:\wamp64\www\markdealer-copy\wp-config.php(96): require_once('C:\\wamp64\\www\\m...')
#5 C:\wamp64\www\markdealer-copy\wp-load.php(50): require_once('C:\\wamp64\\www\\m...')
#6 C:\wamp64\www\markdealer-copy\wp-blog-header.php(13): require_once('C:\\wamp64\\www\\m...')
#7 C:\wamp64\www\markdealer-copy\index.php(17): require('C:\\wamp64\\www\\m...')
#8 {main}
  thrown in C:\wamp64\www\markdealer-copy\wp-content\plugins\woocommerce\includes\class-wc-form-handler.php on line 1100

2023-11-23T08:17:14+00:00 CRITICAL Uncaught Error: Call to a member function get_error_messages() on null in C:\wamp64\www\markdealer-copy\wp-content\plugins\woocommerce\includes\class-wc-form-handler.php:1100
Stack trace:
#0 C:\wamp64\www\markdealer-copy\wp-includes\class-wp-hook.php(324): WC_Form_Handler::process_registration('')
#1 C:\wamp64\www\markdealer-copy\wp-includes\class-wp-hook.php(348): WP_Hook->apply_filters(NULL, Array)
#2 C:\wamp64\www\markdealer-copy\wp-includes\plugin.php(517): WP_Hook->do_action(Array)
#3 C:\wamp64\www\markdealer-copy\wp-settings.php(665): do_action('wp_loaded')
#4 C:\wamp64\www\markdealer-copy\wp-config.php(96): require_once('C:\\wamp64\\www\\m...')
#5 C:\wamp64\www\markdealer-copy\wp-load.php(50): require_once('C:\\wamp64\\www\\m...')
#6 C:\wamp64\www\markdealer-copy\wp-blog-header.php(13): require_once('C:\\wamp64\\www\\m...')
#7 C:\wamp64\www\markdealer-copy\index.php(17): require('C:\\wamp64\\www\\m...')
#8 {main}
  thrown in C:\wamp64\www\markdealer-copy\wp-content\plugins\woocommerce\includes\class-wc-form-handler.php on line 1100

2023-11-23T08:18:12+00:00 CRITICAL Uncaught Error: Call to a member function get_error_messages() on null in C:\wamp64\www\markdealer-copy\wp-content\plugins\woocommerce\includes\class-wc-form-handler.php:1100
Stack trace:
#0 C:\wamp64\www\markdealer-copy\wp-includes\class-wp-hook.php(324): WC_Form_Handler::process_registration('')
#1 C:\wamp64\www\markdealer-copy\wp-includes\class-wp-hook.php(348): WP_Hook->apply_filters(NULL, Array)
#2 C:\wamp64\www\markdealer-copy\wp-includes\plugin.php(517): WP_Hook->do_action(Array)
#3 C:\wamp64\www\markdealer-copy\wp-settings.php(665): do_action('wp_loaded')
#4 C:\wamp64\www\markdealer-copy\wp-config.php(96): require_once('C:\\wamp64\\www\\m...')
#5 C:\wamp64\www\markdealer-copy\wp-load.php(50): require_once('C:\\wamp64\\www\\m...')
#6 C:\wamp64\www\markdealer-copy\wp-blog-header.php(13): require_once('C:\\wamp64\\www\\m...')
#7 C:\wamp64\www\markdealer-copy\index.php(17): require('C:\\wamp64\\www\\m...')
#8 {main}
  thrown in C:\wamp64\www\markdealer-copy\wp-content\plugins\woocommerce\includes\class-wc-form-handler.php on line 1100

2023-11-23T08:20:48+00:00 CRITICAL Uncaught Error: Call to a member function get_error_messages() on null in C:\wamp64\www\markdealer-copy\wp-content\plugins\woocommerce\includes\class-wc-form-handler.php:1100
Stack trace:
#0 C:\wamp64\www\markdealer-copy\wp-includes\class-wp-hook.php(324): WC_Form_Handler::process_registration('')
#1 C:\wamp64\www\markdealer-copy\wp-includes\class-wp-hook.php(348): WP_Hook->apply_filters(NULL, Array)
#2 C:\wamp64\www\markdealer-copy\wp-includes\plugin.php(517): WP_Hook->do_action(Array)
#3 C:\wamp64\www\markdealer-copy\wp-settings.php(665): do_action('wp_loaded')
#4 C:\wamp64\www\markdealer-copy\wp-config.php(96): require_once('C:\\wamp64\\www\\m...')
#5 C:\wamp64\www\markdealer-copy\wp-load.php(50): require_once('C:\\wamp64\\www\\m...')
#6 C:\wamp64\www\markdealer-copy\wp-blog-header.php(13): require_once('C:\\wamp64\\www\\m...')
#7 C:\wamp64\www\markdealer-copy\index.php(17): require('C:\\wamp64\\www\\m...')
#8 {main}
  thrown in C:\wamp64\www\markdealer-copy\wp-content\plugins\woocommerce\includes\class-wc-form-handler.php on line 1100

2023-11-23T08:21:40+00:00 CRITICAL Uncaught Error: Call to a member function get_error_messages() on null in C:\wamp64\www\markdealer-copy\wp-content\plugins\woocommerce\includes\class-wc-form-handler.php:1100
Stack trace:
#0 C:\wamp64\www\markdealer-copy\wp-includes\class-wp-hook.php(324): WC_Form_Handler::process_registration('')
#1 C:\wamp64\www\markdealer-copy\wp-includes\class-wp-hook.php(348): WP_Hook->apply_filters(NULL, Array)
#2 C:\wamp64\www\markdealer-copy\wp-includes\plugin.php(517): WP_Hook->do_action(Array)
#3 C:\wamp64\www\markdealer-copy\wp-settings.php(665): do_action('wp_loaded')
#4 C:\wamp64\www\markdealer-copy\wp-config.php(96): require_once('C:\\wamp64\\www\\m...')
#5 C:\wamp64\www\markdealer-copy\wp-load.php(50): require_once('C:\\wamp64\\www\\m...')
#6 C:\wamp64\www\markdealer-copy\wp-blog-header.php(13): require_once('C:\\wamp64\\www\\m...')
#7 C:\wamp64\www\markdealer-copy\index.php(17): require('C:\\wamp64\\www\\m...')
#8 {main}
  thrown in C:\wamp64\www\markdealer-copy\wp-content\plugins\woocommerce\includes\class-wc-form-handler.php on line 1100

2023-11-23T08:25:37+00:00 CRITICAL Uncaught Error: Call to a member function get_error_messages() on null in C:\wamp64\www\markdealer-copy\wp-content\plugins\woocommerce\includes\class-wc-form-handler.php:1103
Stack trace:
#0 C:\wamp64\www\markdealer-copy\wp-includes\class-wp-hook.php(324): WC_Form_Handler::process_registration('')
#1 C:\wamp64\www\markdealer-copy\wp-includes\class-wp-hook.php(348): WP_Hook->apply_filters(NULL, Array)
#2 C:\wamp64\www\markdealer-copy\wp-includes\plugin.php(517): WP_Hook->do_action(Array)
#3 C:\wamp64\www\markdealer-copy\wp-settings.php(665): do_action('wp_loaded')
#4 C:\wamp64\www\markdealer-copy\wp-config.php(96): require_once('C:\\wamp64\\www\\m...')
#5 C:\wamp64\www\markdealer-copy\wp-load.php(50): require_once('C:\\wamp64\\www\\m...')
#6 C:\wamp64\www\markdealer-copy\wp-blog-header.php(13): require_once('C:\\wamp64\\www\\m...')
#7 C:\wamp64\www\markdealer-copy\index.php(17): require('C:\\wamp64\\www\\m...')
#8 {main}
  thrown in C:\wamp64\www\markdealer-copy\wp-content\plugins\woocommerce\includes\class-wc-form-handler.php on line 1103

2023-11-23T08:48:38+00:00 CRITICAL Cannot redeclare add_phone_number_column() (previously declared in C:\wamp64\www\markdealer-copy\wp-content\themes\genesis-child\functions.php:1163) in C:\wamp64\www\markdealer-copy\wp-content\themes\genesis-child\functions.php on line 1184

2023-11-23T08:48:39+00:00 CRITICAL Cannot redeclare add_phone_number_column() (previously declared in C:\wamp64\www\markdealer-copy\wp-content\themes\genesis-child\functions.php:1163) in C:\wamp64\www\markdealer-copy\wp-content\themes\genesis-child\functions.php on line 1184

2023-11-23T08:49:12+00:00 CRITICAL Cannot redeclare display_phone_number_column_content() (previously declared in C:\wamp64\www\markdealer-copy\wp-content\themes\genesis-child\functions.php:1169) in C:\wamp64\www\markdealer-copy\wp-content\themes\genesis-child\functions.php on line 1191

2023-11-23T08:49:17+00:00 CRITICAL Cannot redeclare display_phone_number_column_content() (previously declared in C:\wamp64\www\markdealer-copy\wp-content\themes\genesis-child\functions.php:1169) in C:\wamp64\www\markdealer-copy\wp-content\themes\genesis-child\functions.php on line 1191

